info: (71126) Modes Service: Listening on port 4003
info: (71191) Modes Service: Listening on port 4003
info: (71233) Modes Service: Listening on port 4003
info: (71305) Modes Service: Listening on port 4003
info: (71636) Modes Service: Listening on port 4003
info: {"msg":"Successfully retrieved all modes!"}
info: {"msg":"Successfully retrieved all modes!"}
info: {"msg":"Successfully retrieved all modes!"}
info: {"msg":"Successfully retrieved mode"}
info: {"msg":"Successfully retrieved mode"}
info: {"msg":"Successfully retrieved mode"}
info: {"msg":"Successfully retrieved all modes!"}
info: {"msg":"Successfully retrieved all modes!"}
info: {"msg":"Successfully retrieved all modes!"}
info: {"msg":"Successfully retrieved all modes!"}
info: {"msg":"Successfully created new mode"}
info: {"msg":"Successfully retrieved all modes!"}
info: {"msg":"Successfully retrieved mode"}
info: {"msg":"Successfully retrieved all modes!"}
info: {"msg":"Successfully retrieved mode"}
info: {"msg":"Successfully retrieved all modes!"}
info: {"msg":"Successfully retrieved all modes!"}
info: {"msg":"Successfully retrieved mode"}
error: EventType Error: Please provide a valid energySign
error: EventType Error: Please provide a valid energySign
info: {"msg":"Successfully retrieved all modes!"}
error: EventType Error: Please provide a valid energySign
info: (73205) Modes Service: Listening on port 4003
info: {"msg":"Successfully retrieved all modes!"}
info: {"msg":"Successfully retrieved mode"}
info: {"msg":"Successfully retrieved mode"}
info: {"msg":"Successfully retrieved mode"}
info: {"msg":"Successfully created new mode"}
info: {"msg":"Successfully retrieved mode"}
info: {"msg":"Successfully created new mode"}
info: {"msg":"Successfully retrieved mode"}
info: {"msg":"Successfully retrieved all modes!"}
info: {"msg":"Successfully retrieved mode"}
info: {"msg":"Successfully created new mode"}
info: {"msg":"Successfully retrieved mode"}
info: {"msg":"Successfully retrieved all modes!"}
info: {"msg":"Successfully retrieved mode"}
info: {"msg":"Successfully retrieved mode"}
info: {"msg":"Successfully retrieved mode"}
info: (73541) Modes Service: Listening on port 4003
info: {"msg":"Successfully retrieved all modes!"}
info: {"msg":"Successfully created new mode"}
info: {"msg":"Successfully retrieved mode"}
info: {"msg":"Successfully retrieved all modes!"}
info: {"msg":"Successfully retrieved all modes!"}
info: {"msg":"Successfully created new mode"}
info: {"msg":"Successfully retrieved mode"}
info: {"msg":"Successfully created new mode"}
info: {"msg":"Successfully retrieved mode"}
info: {"msg":"Successfully retrieved all modes!"}
info: {"msg":"Successfully retrieved all modes!"}
info: {"msg":"Successfully retrieved all modes!"}
info: (5145) Modes Service: Listening on port 4003
info: {"msg":"Successfully retrieved all modes!"}
info: (7613) Modes Service: Listening on port 4003
info: {"msg":"Successfully retrieved all modes!"}
info: {"msg":"Successfully retrieved mode"}
info: {"msg":"Successfully retrieved mode"}
info: {"msg":"Successfully retrieved mode"}
info: {"msg":"Successfully created new mode"}
info: {"msg":"Successfully retrieved mode"}
info: {"msg":"Successfully retrieved all modes!"}
info: {"msg":"Successfully retrieved all modes!"}
info: {"msg":"Successfully retrieved all modes!"}
info: {"msg":"Successfully retrieved mode"}
info: {"msg":"Successfully created new mode"}
info: {"msg":"Successfully retrieved mode"}
info: (9589) Modes Service: Listening on port 4003
info: {"msg":"Successfully retrieved all modes!"}
info: (11340) Modes Service: Listening on port 4003
info: {"msg":"Successfully retrieved all modes!"}
info: {"msg":"Successfully retrieved mode"}
info: {"msg":"Successfully retrieved all modes!"}
info: {"msg":"Successfully retrieved all modes!"}
info: {"msg":"Successfully retrieved mode"}
info: {"msg":"Successfully retrieved all modes!"}
info: {"msg":"Successfully retrieved all modes!"}
info: {"msg":"Successfully retrieved mode"}
info: {"msg":"Successfully retrieved mode"}
info: {"msg":"Successfully retrieved all modes!"}
info: {"msg":"Successfully retrieved all modes!"}
info: {"msg":"Successfully retrieved all modes!"}
info: {"msg":"Successfully retrieved all modes!"}
info: {"msg":"Successfully retrieved all modes!"}
info: {"msg":"Successfully retrieved all modes!"}
info: {"msg":"Successfully retrieved all modes!"}
info: {"msg":"Successfully retrieved all modes!"}
info: (12518) Modes Service: Listening on port 4003
info: {"msg":"Successfully retrieved all modes!"}
info: {"msg":"Successfully retrieved all modes!"}
info: {"msg":"Successfully retrieved mode"}
info: {"msg":"Successfully retrieved all modes!"}
info: (14173) Modes Service: Listening on port 4003
info: {"msg":"Successfully retrieved all modes!"}
info: {"msg":"Successfully retrieved mode"}
info: (28467) Modes Service: Listening on port 4003
info: (28468) Modes Service: Listening on port 4003
info: (28484) Modes Service: Listening on port 4003
info: (28486) Modes Service: Listening on port 4003
info: (28488) Modes Service: Listening on port 4003
info: {"msg":"Successfully retrieved all modes!"}
info: {"msg":"Successfully retrieved all modes!"}
info: (19955) Modes Service: Listening on port 4003
info: {"msg":"Successfully retrieved all modes!"}
info: {"msg":"Successfully retrieved mode"}
info: {"msg":"Successfully retrieved all modes!"}
info: (5838) Modes Service: Listening on port 4003
info: (18737) Modes Service: Listening on port 4003
info: {"msg":"Successfully retrieved all modes!"}
info: {"msg":"Successfully retrieved all modes!"}
info: {"msg":"Successfully retrieved all modes!"}
info: {"msg":"Successfully retrieved all modes!"}
info: {"msg":"Successfully retrieved all modes!"}
info: {"msg":"Successfully retrieved all modes!"}
info: {"msg":"Successfully retrieved all modes!"}
info: {"msg":"Successfully retrieved all modes!"}
info: {"msg":"Successfully retrieved all modes!"}
info: {"msg":"Successfully retrieved all modes!"}
info: (21038) Modes Service: Listening on port 4003
info: {"msg":"Successfully retrieved all modes!"}
info: {"msg":"Successfully retrieved all modes!"}
info: (3442) Modes Service: Listening on port 4003
info: {"msg":"Successfully retrieved all modes!"}
info: {"msg":"Successfully retrieved all modes!"}
info: {"msg":"Successfully retrieved all modes!"}
info: {"msg":"Successfully retrieved all modes!"}
info: {"msg":"Successfully retrieved all modes!"}
info: {"msg":"Successfully retrieved all modes!"}
info: {"msg":"Successfully retrieved all modes!"}
info: {"msg":"Successfully retrieved all modes!"}
info: {"msg":"Successfully retrieved all modes!"}
info: {"msg":"Successfully retrieved all modes!"}
info: {"msg":"Successfully retrieved all modes!"}
info: {"msg":"Successfully retrieved all modes!"}
info: {"msg":"Successfully retrieved all modes!"}
info: {"msg":"Successfully retrieved all modes!"}
info: {"msg":"Successfully retrieved all modes!"}
info: {"msg":"Successfully retrieved all modes!"}
info: {"msg":"Successfully retrieved all modes!"}
info: {"msg":"Successfully retrieved all modes!"}
info: {"msg":"Successfully retrieved all modes!"}
info: {"msg":"Successfully retrieved all modes!"}
info: {"msg":"Successfully retrieved all modes!"}
info: (5213) Modes Service: Listening on port 4003
info: (5627) Modes Service: Listening on port 4003
info: {"msg":"Successfully retrieved all modes!"}
info: {"msg":"Successfully retrieved all modes!"}
info: {"msg":"Successfully retrieved mode"}
info: {"msg":"Successfully retrieved mode"}
info: {"msg":"Successfully retrieved all modes!"}
info: (6065) Modes Service: Listening on port 4003
info: {"msg":"Successfully retrieved all modes!"}
info: (6354) Modes Service: Listening on port 4003
info: {"msg":"Successfully retrieved all modes!"}
info: (6654) Modes Service: Listening on port 4003
info: {"msg":"Successfully retrieved all modes!"}
info: (6907) Modes Service: Listening on port 4003
info: {"msg":"Successfully retrieved all modes!"}
info: {"msg":"Successfully retrieved mode"}
info: {"msg":"Successfully retrieved mode"}
info: (7302) Modes Service: Listening on port 4003
info: {"msg":"Successfully retrieved all modes!"}
info: (7595) Modes Service: Listening on port 4003
info: {"msg":"Successfully retrieved all modes!"}
info: {"msg":"Successfully retrieved mode"}
info: {"msg":"Successfully retrieved mode"}
info: {"msg":"Successfully retrieved mode"}
info: {"msg":"Successfully created new mode"}
info: {"msg":"Successfully retrieved mode"}
info: {"msg":"Successfully retrieved all modes!"}
info: (13043) Modes Service: Listening on port 4003
info: {"msg":"Successfully retrieved all modes!"}
info: {"msg":"Successfully retrieved mode"}
info: {"msg":"Successfully retrieved mode"}
info: {"msg":"Successfully retrieved mode"}
info: {"msg":"Successfully created new mode"}
info: {"msg":"Successfully retrieved mode"}
info: (13524) Modes Service: Listening on port 4003
info: {"msg":"Successfully retrieved all modes!"}
info: {"msg":"Successfully retrieved mode"}
info: {"msg":"Successfully retrieved mode"}
info: {"msg":"Successfully retrieved mode"}
info: {"msg":"Successfully created new mode"}
info: {"msg":"Successfully retrieved mode"}
info: {"msg":"Successfully retrieved all modes!"}
info: (14010) Modes Service: Listening on port 4003
info: {"msg":"Successfully retrieved all modes!"}
info: {"msg":"Successfully retrieved mode"}
info: {"msg":"Successfully retrieved mode"}
info: {"msg":"Successfully retrieved mode"}
info: {"msg":"Successfully created new mode"}
info: {"msg":"Successfully retrieved mode"}
info: {"msg":"Successfully retrieved all modes!"}
info: (14467) Modes Service: Listening on port 4003
info: (14792) Modes Service: Listening on port 4003
info: {"msg":"Successfully retrieved all modes!"}
info: {"msg":"Successfully retrieved mode"}
info: {"msg":"Successfully retrieved mode"}
info: {"msg":"Successfully retrieved mode"}
info: {"msg":"Successfully created new mode"}
info: {"msg":"Successfully retrieved mode"}
info: {"msg":"Successfully retrieved all modes!"}
info: (15189) Modes Service: Listening on port 4003
info: {"msg":"Successfully retrieved all modes!"}
info: {"msg":"Successfully retrieved mode"}
info: {"msg":"Successfully retrieved mode"}
info: {"msg":"Successfully retrieved mode"}
info: {"msg":"Successfully created new mode"}
info: {"msg":"Successfully retrieved all modes!"}
info: {"msg":"Successfully retrieved mode"}
info: {"msg":"Successfully retrieved all modes!"}
info: {"msg":"Successfully retrieved all modes!"}
info: (13123) Modes Service: Listening on port 4003
info: {"msg":"Successfully retrieved all modes!"}
info: (4078) Modes Service: Listening on port 4003
info: {"msg":"Successfully retrieved all modes!"}
info: {"msg":"Successfully retrieved mode"}
info: {"msg":"Successfully retrieved all modes!"}
info: {"msg":"Successfully retrieved all modes!"}
info: {"msg":"Successfully retrieved all modes!"}
info: {"msg":"Successfully retrieved all modes!"}
